<?xml version="1.0" encoding="UTF-8"?>
<!-- Generated by org.testng.reporters.JUnitReportReporter -->
<testsuite hostname="SacH" failures="0" tests="1" name="validatingUserNameAndPass.Validating_username_and_password" time="8.714" errors="0" timestamp="2024-10-11T15:31:20 IST" skipped="0">
  <testcase classname="validatingUserNameAndPass.Validating_username_and_password" name="validate_user_pass" time="8.714"/>
  <system-out/>
</testsuite> <!-- validatingUserNameAndPass.Validating_username_and_password -->
